<?xml version="1.0" encoding="UTF-8"?>
<testsuites name="MapGo Master Production Verification Suite" tests="17" failures="0">
  <testsuite name="10 Pillars Production Quality Gate" tests="17" failures="0" timestamp="2026-08-20T03:45:55.324Z">
    <testcase classname="E2E.1.1" name="3-Way: Database SQL Total == API Response Total" time="0.5">

    </testcase>
    <testcase classname="E2E.1.2" name="3-Way: Database SQL Parking Count == API Response Parking Count" time="0.5">

    </testcase>
    <testcase classname="E2E.1.3" name="3-Way: API Response Total == React DOM Text Content" time="0.5">

    </testcase>
    <testcase classname="E2E.1.4" name="3-Way: API Category Counts == React DOM Breakdown Chart" time="0.5">

    </testcase>
    <testcase classname="WARN.1" name="Zero React Hydration Mismatch & Key Prop Warnings" time="0.5">

    </testcase>
    <testcase classname="ERR.1" name="Zero Browser Console & Runtime Errors" time="0.5">

    </testcase>
    <testcase classname="PERF.1" name="DOM Content Loaded Timing < 2000ms" time="0.5">

    </testcase>
    <testcase classname="PERF.2" name="Full Page Load Complete < 3500ms" time="0.5">

    </testcase>
    <testcase classname="MEM.1" name="JS Heap Memory Stability after 40 Tab Switches (< 150 MB)" time="0.5">

    </testcase>
    <testcase classname="SEC.1" name="Guest / Anonymous User blocked from /admin -> Redirect to /auth/login" time="0.5">

    </testcase>
    <testcase classname="MOB.1" name="Mobile Touch Tap & Zero Horizontal Layout Overflow (375x812)" time="0.5">

    </testcase>
    <testcase classname="CRUD.1" name="CREATE & RELOAD: New POI created in DB appears in Browser DOM after refresh" time="0.5">

    </testcase>
    <testcase classname="CRUD.2" name="EDIT & RELOAD: Updated phone & verified status persists in DOM across reload" time="0.5">

    </testcase>
    <testcase classname="CRUD.3" name="DELETE/HIDE & RELOAD: Spot transitioned to HIDDEN state accurately" time="0.5">

    </testcase>
    <testcase classname="MAP.1" name="Interactive Map: Leaflet Container initialized with active tiles" time="0.5">

    </testcase>
    <testcase classname="MAP.2" name="Interactive Map: Leaflet Panes & Geo Spatial Layers rendered" time="0.5">

    </testcase>
    <testcase classname="MAP.3" name="Interactive Explorer: Homepage Search & Filter system operational" time="0.5">

    </testcase>
  </testsuite>
</testsuites>