<?xml version="1.0" encoding="UTF-8"?>
<testsuites name="MapGo Enterprise Production Audit" tests="11" failures="0">
  <testsuite name="7 Enterprise Pillars Quality Assurance" tests="11" failures="0" timestamp="2026-08-20T03:52:58.311Z">
    <testcase classname="LOAD.1" name="High Throughput & Zero Error Rate under 50 Concurrent Workers" time="0.5">

    </testcase>
    <testcase classname="LOAD.2" name="Latency SLA (P50 < 250ms, P95 < 600ms)" time="0.5">

    </testcase>
    <testcase classname="SCHEMA.1" name="API /api/admin/stats Contract & Type Integrity" time="0.5">

    </testcase>
    <testcase classname="SCHEMA.2" name="API /api/spots Public Spot Model Contract Integrity" time="0.5">

    </testcase>
    <testcase classname="SEO.1" name="Homepage HTML SEO Tags & Responsive Meta Viewport" time="0.5">

    </testcase>
    <testcase classname="SEO.2" name="Public Crawler Accessibility (robots.txt)" time="0.5">

    </testcase>
    <testcase classname="CHAOS.1" name="Graceful Degradation on API 500 Server Error (No White Screen / React Crash)" time="0.5">

    </testcase>
    <testcase classname="A11Y.1" name="Interactive Buttons Accessible Labels (Zero unlabelled buttons)" time="0.5">

    </testcase>
    <testcase classname="A11Y.2" name="Dark Theme Background Consistency & Visual Comfort" time="0.5">

    </testcase>
    <testcase classname="BACKUP.1" name="Live Database Backup Dump Execution (pg_dump places + user_reports)" time="0.5">

    </testcase>
    <testcase classname="RESTORE.1" name="Database Snapshot Verification & Data Row Parity" time="0.5">

    </testcase>
  </testsuite>
</testsuites>